<?xml version="1.0" encoding="UTF-8"?>
<testsuite name="memorypriority.data.JdbcMemorySetRepositoryTest" tests="5" skipped="0" failures="0" errors="0" timestamp="2023-08-15T12:52:06" hostname="LAPTOP-SAM" time="0.054">
  <properties/>
  <testcase name="testGetMemoryCollectionOfUserWithMemorySetNoEntries()" classname="memorypriority.data.JdbcMemorySetRepositoryTest" time="0.038"/>
  <testcase name="testAddMemorySetToUser()" classname="memorypriority.data.JdbcMemorySetRepositoryTest" time="0.007"/>
  <testcase name="testGetMemoryCollectionOfUser()" classname="memorypriority.data.JdbcMemorySetRepositoryTest" time="0.003"/>
  <testcase name="testGetMemoryCollectionOfUserWithNoMemorySets()" classname="memorypriority.data.JdbcMemorySetRepositoryTest" time="0.002"/>
  <testcase name="testGetMemoryCollectionOfNonExistentUser()" classname="memorypriority.data.JdbcMemorySetRepositoryTest" time="0.002"/>
  <system-out><![CDATA[]]></system-out>
  <system-err><![CDATA[Aug 15, 2023 2:52:06 PM memorypriority.data.JdbcMemorySetRepositoryTest testGetMemoryCollectionOfUserWithMemorySetNoEntries
INFO: [memorypriority.domain.MemorySet@95fe44bb, memorypriority.domain.MemorySet@1e4e1451]
Aug 15, 2023 2:52:06 PM memorypriority.data.JdbcMemorySetRepositoryTest testAddMemorySetToUser
INFO: [memorypriority.domain.MemorySet@95fe44bb, memorypriority.domain.MemorySet@dafd279, memorypriority.domain.MemorySet@1e4e1451]
Aug 15, 2023 2:52:06 PM memorypriority.data.JdbcMemorySetRepositoryTest testGetMemoryCollectionOfUser
INFO: [memorypriority.domain.MemorySet@95fe44bb, memorypriority.domain.MemorySet@dafd279, memorypriority.domain.MemorySet@1e4e1451]
Aug 15, 2023 2:52:06 PM memorypriority.data.JdbcMemorySetRepositoryTest testGetMemoryCollectionOfUserWithNoMemorySets
INFO: []
Aug 15, 2023 2:52:06 PM memorypriority.data.JdbcMemorySetRepositoryTest testGetMemoryCollectionOfNonExistentUser
INFO: []
]]></system-err>
</testsuite>
