<?xml version="1.0" encoding="UTF-8"?>
<testsuite name="memorypriority.data.FileMemorySetRepositoryTest" tests="1" skipped="0" failures="0" errors="0" timestamp="2023-08-28T13:44:40" hostname="LAPTOP-SAM" time="0.065">
  <properties/>
  <testcase name="testRemoveMemorySet()" classname="memorypriority.data.FileMemorySetRepositoryTest" time="0.065"/>
  <system-out><![CDATA[]]></system-out>
  <system-err><![CDATA[]]></system-err>
</testsuite>
