<?xml version="1.0" encoding="UTF-8"?>
<testsuite name="memorypriority.domain.AutoRehearsalTest" tests="4" skipped="0" failures="0" errors="0" timestamp="2024-02-02T16:21:47" hostname="LAPTOP-SAM" time="0.088">
  <properties/>
  <testcase name="testSelectionWithinRehearsalInterval()" classname="memorypriority.domain.AutoRehearsalTest" time="0.077"/>
  <testcase name="testAutoRehearseWithEligibleSets()" classname="memorypriority.domain.AutoRehearsalTest" time="0.003"/>
  <testcase name="testRehearsalInterval()" classname="memorypriority.domain.AutoRehearsalTest" time="0.002"/>
  <testcase name="testAutoRehearseWithEmptyMemoryCollection()" classname="memorypriority.domain.AutoRehearsalTest" time="0.003"/>
  <system-out><![CDATA[]]></system-out>
  <system-err><![CDATA[Feb 02, 2024 5:21:47 PM memorypriority.domain.MemoryCollection getNextSetToRehearse
INFO: Starting getNextSetToRehearse - Current Time: 2024-02-02 17:21:47.674
Feb 02, 2024 5:21:47 PM memorypriority.domain.MemoryCollection lambda$getNextSetToRehearse$0
INFO: Checking set: Within2 for Phase 1, Last Rehearsed: 2024-02-02 16:41:47.674, Eligible: false, Rehearsal Interval Ends At: 2024-02-02 18:41:47.674
Feb 02, 2024 5:21:47 PM memorypriority.domain.MemoryCollection lambda$getNextSetToRehearse$0
INFO: Checking set: Within1 for Phase 1, Last Rehearsed: 2024-02-02 16:51:47.674, Eligible: false, Rehearsal Interval Ends At: 2024-02-02 18:51:47.674
Feb 02, 2024 5:21:47 PM memorypriority.domain.MemoryCollection getNextSetToRehearse
INFO: No set found in Phase 1, moving to Phase 2
Feb 02, 2024 5:21:47 PM memorypriority.domain.MemoryCollection lambda$getNextSetToRehearse$1
INFO: Checking set: Within2 for Phase 2, Last Rehearsed: 2024-02-02 16:41:47.674, Eligible: true
Feb 02, 2024 5:21:47 PM memorypriority.domain.MemoryCollection lambda$getNextSetToRehearse$1
INFO: Checking set: Within1 for Phase 2, Last Rehearsed: 2024-02-02 16:51:47.674, Eligible: true
Feb 02, 2024 5:21:47 PM memorypriority.domain.MemoryCollection getNextSetToRehearse
INFO: Found a set in Phase 2: Within2, Last Rehearsed: 2024-02-02 16:41:47.674
Feb 02, 2024 5:21:47 PM memorypriority.domain.MemoryCollection getNextSetToRehearse
INFO: Starting getNextSetToRehearse - Current Time: 2024-02-02 17:21:47.742
Feb 02, 2024 5:21:47 PM memorypriority.domain.MemoryCollection lambda$getNextSetToRehearse$0
INFO: Checking set: Set1 for Phase 1, Last Rehearsed: 2024-02-02 14:21:47.742, Eligible: true, Rehearsal Interval Ends At: 2024-02-02 16:21:47.742
Feb 02, 2024 5:21:47 PM memorypriority.domain.MemoryCollection lambda$getNextSetToRehearse$0
INFO: Checking set: Set3 for Phase 1, Last Rehearsed: 2024-02-02 15:21:47.742, Eligible: false, Rehearsal Interval Ends At: 2024-02-02 17:21:47.742
Feb 02, 2024 5:21:47 PM memorypriority.domain.MemoryCollection lambda$getNextSetToRehearse$0
INFO: Checking set: Set2 for Phase 1, Last Rehearsed: 2024-02-02 16:21:47.742, Eligible: false, Rehearsal Interval Ends At: 2024-02-02 18:21:47.742
Feb 02, 2024 5:21:47 PM memorypriority.domain.MemoryCollection getNextSetToRehearse
INFO: Found a set in Phase 1: Set1, Last Rehearsed: 2024-02-02 14:21:47.742
Feb 02, 2024 5:21:47 PM memorypriority.domain.MemoryCollection getNextSetToRehearse
INFO: Starting getNextSetToRehearse - Current Time: 2024-02-02 17:21:47.746
Feb 02, 2024 5:21:47 PM memorypriority.domain.MemoryCollection lambda$getNextSetToRehearse$0
INFO: Checking set: Set1 for Phase 1, Last Rehearsed: 2024-02-02 16:21:47.746, Eligible: false, Rehearsal Interval Ends At: 2024-02-02 18:21:47.746
Feb 02, 2024 5:21:47 PM memorypriority.domain.MemoryCollection lambda$getNextSetToRehearse$0
INFO: Checking set: Set2 for Phase 1, Last Rehearsed: 2024-02-02 15:21:46.746, Eligible: true, Rehearsal Interval Ends At: 2024-02-02 17:21:46.746
Feb 02, 2024 5:21:47 PM memorypriority.domain.MemoryCollection getNextSetToRehearse
INFO: Found a set in Phase 1: Set2, Last Rehearsed: 2024-02-02 15:21:46.746
Feb 02, 2024 5:21:47 PM memorypriority.domain.MemoryCollection getNextSetToRehearse
INFO: Starting getNextSetToRehearse - Current Time: 2024-02-02 17:21:47.75
Feb 02, 2024 5:21:47 PM memorypriority.domain.MemoryCollection getNextSetToRehearse
INFO: No set found in Phase 1, moving to Phase 2
Feb 02, 2024 5:21:47 PM memorypriority.domain.MemoryCollection getNextSetToRehearse
INFO: No set found in Phase 2
]]></system-err>
</testsuite>
